2025-07-03 12:40:22 | INFO     | src.config:load_config:15 - Loading environment variables
2025-07-03 12:40:22 | INFO     | src.config:load_config:29 - Trying to load from Streamlit secrets
2025-07-03 12:40:22 | DEBUG    | src.api.texau_client:__init__:31 - TexAU client initialized with complete authentication
2025-07-03 12:40:22 | DEBUG    | src.api.linkedin_api:__init__:11 - LinkedIn API client initialized
2025-07-03 12:40:22 | DEBUG    | src.ui.app:__init__:22 - Initializing LinkedIn Extractor App
2025-07-03 12:40:36 | INFO     | src.config:load_config:15 - Loading environment variables
2025-07-03 12:40:37 | INFO     | src.config:load_config:29 - Trying to load from Streamlit secrets
2025-07-03 12:40:37 | DEBUG    | src.api.texau_client:__init__:31 - TexAU client initialized with complete authentication
2025-07-03 12:40:37 | DEBUG    | src.api.linkedin_api:__init__:11 - LinkedIn API client initialized
2025-07-03 12:40:37 | DEBUG    | src.ui.app:__init__:22 - Initializing LinkedIn Extractor App
2025-07-03 12:40:37 | INFO     | src.config:load_config:15 - Loading environment variables
2025-07-03 12:40:37 | INFO     | src.config:load_config:29 - Trying to load from Streamlit secrets
2025-07-03 12:40:37 | DEBUG    | src.api.texau_client:__init__:31 - TexAU client initialized with complete authentication
2025-07-03 12:40:37 | DEBUG    | src.api.linkedin_api:__init__:11 - LinkedIn API client initialized
2025-07-03 12:40:37 | DEBUG    | src.ui.app:__init__:22 - Initializing LinkedIn Extractor App
2025-07-03 12:40:42 | INFO     | src.config:load_config:15 - Loading environment variables
2025-07-03 12:40:42 | INFO     | src.config:load_config:29 - Trying to load from Streamlit secrets
2025-07-03 12:40:42 | DEBUG    | src.api.texau_client:__init__:31 - TexAU client initialized with complete authentication
2025-07-03 12:40:42 | DEBUG    | src.api.linkedin_api:__init__:11 - LinkedIn API client initialized
2025-07-03 12:40:42 | DEBUG    | src.ui.app:__init__:22 - Initializing LinkedIn Extractor App
2025-07-03 12:40:46 | INFO     | src.config:load_config:15 - Loading environment variables
2025-07-03 12:40:46 | INFO     | src.config:load_config:29 - Trying to load from Streamlit secrets
2025-07-03 12:40:46 | DEBUG    | src.api.texau_client:__init__:31 - TexAU client initialized with complete authentication
2025-07-03 12:40:46 | DEBUG    | src.api.linkedin_api:__init__:11 - LinkedIn API client initialized
2025-07-03 12:40:46 | DEBUG    | src.ui.app:__init__:22 - Initializing LinkedIn Extractor App
2025-07-03 12:40:46 | INFO     | src.config:load_config:15 - Loading environment variables
2025-07-03 12:40:46 | INFO     | src.config:load_config:29 - Trying to load from Streamlit secrets
2025-07-03 12:42:38 | INFO     | src.config:load_config:15 - Loading environment variables
2025-07-03 12:42:38 | INFO     | src.config:load_config:29 - Trying to load from Streamlit secrets
2025-07-03 12:42:38 | DEBUG    | src.api.texau_client:__init__:31 - TexAU client initialized with complete authentication
2025-07-03 12:42:38 | DEBUG    | src.api.linkedin_api:__init__:11 - LinkedIn API client initialized
2025-07-03 12:42:38 | DEBUG    | src.ui.app:__init__:22 - Initializing LinkedIn Extractor App
2025-07-03 12:54:16 | INFO     | src.config:load_config:15 - Loading environment variables
2025-07-03 12:54:16 | INFO     | src.config:load_config:29 - Trying to load from Streamlit secrets
2025-07-03 12:54:16 | DEBUG    | src.api.texau_client:__init__:31 - TexAU client initialized with complete authentication
2025-07-03 12:54:16 | DEBUG    | src.api.linkedin_api:__init__:11 - LinkedIn API client initialized
2025-07-03 12:54:16 | DEBUG    | src.ui.app:__init__:22 - Initializing LinkedIn Extractor App
2025-07-03 12:54:18 | INFO     | src.config:load_config:15 - Loading environment variables
2025-07-03 12:54:18 | INFO     | src.config:load_config:29 - Trying to load from Streamlit secrets
2025-07-03 12:54:18 | DEBUG    | src.api.texau_client:__init__:31 - TexAU client initialized with complete authentication
2025-07-03 12:54:18 | DEBUG    | src.api.linkedin_api:__init__:11 - LinkedIn API client initialized
2025-07-03 12:54:18 | DEBUG    | src.ui.app:__init__:22 - Initializing LinkedIn Extractor App
2025-07-03 12:54:18 | INFO     | src.config:load_config:15 - Loading environment variables
2025-07-03 12:54:18 | INFO     | src.config:load_config:29 - Trying to load from Streamlit secrets
2025-07-03 12:54:18 | DEBUG    | src.api.texau_client:__init__:31 - TexAU client initialized with complete authentication
2025-07-03 12:54:18 | DEBUG    | src.api.linkedin_api:__init__:11 - LinkedIn API client initialized
2025-07-03 12:54:18 | DEBUG    | src.ui.app:__init__:22 - Initializing LinkedIn Extractor App
2025-07-03 12:54:22 | INFO     | src.config:load_config:15 - Loading environment variables
2025-07-03 12:54:22 | INFO     | src.config:load_config:29 - Trying to load from Streamlit secrets
2025-07-03 12:54:22 | DEBUG    | src.api.texau_client:__init__:31 - TexAU client initialized with complete authentication
2025-07-03 12:54:22 | DEBUG    | src.api.linkedin_api:__init__:11 - LinkedIn API client initialized
2025-07-03 12:54:22 | DEBUG    | src.ui.app:__init__:22 - Initializing LinkedIn Extractor App
2025-07-03 12:54:25 | INFO     | src.config:load_config:15 - Loading environment variables
2025-07-03 12:54:25 | INFO     | src.config:load_config:29 - Trying to load from Streamlit secrets
2025-07-03 12:54:25 | DEBUG    | src.api.texau_client:__init__:31 - TexAU client initialized with complete authentication
2025-07-03 12:54:25 | DEBUG    | src.api.linkedin_api:__init__:11 - LinkedIn API client initialized
2025-07-03 12:54:25 | DEBUG    | src.ui.app:__init__:22 - Initializing LinkedIn Extractor App
2025-07-03 12:54:25 | INFO     | src.config:load_config:15 - Loading environment variables
2025-07-03 12:54:25 | INFO     | src.config:load_config:29 - Trying to load from Streamlit secrets
2025-07-03 12:59:30 | INFO     | src.config:load_config:15 - Loading environment variables
2025-07-03 12:59:30 | INFO     | src.config:load_config:29 - Trying to load from Streamlit secrets
2025-07-03 12:59:30 | DEBUG    | src.api.texau_client:__init__:31 - TexAU client initialized with complete authentication
2025-07-03 12:59:30 | DEBUG    | src.api.linkedin_api:__init__:11 - LinkedIn API client initialized
2025-07-03 12:59:30 | DEBUG    | src.ui.app:__init__:22 - Initializing LinkedIn Extractor App
2025-07-03 12:59:32 | INFO     | src.config:load_config:15 - Loading environment variables
2025-07-03 12:59:32 | INFO     | src.config:load_config:29 - Trying to load from Streamlit secrets
2025-07-03 12:59:32 | DEBUG    | src.api.texau_client:__init__:31 - TexAU client initialized with complete authentication
2025-07-03 12:59:32 | DEBUG    | src.api.linkedin_api:__init__:11 - LinkedIn API client initialized
2025-07-03 12:59:32 | DEBUG    | src.ui.app:__init__:22 - Initializing LinkedIn Extractor App
2025-07-03 12:59:32 | INFO     | src.config:load_config:15 - Loading environment variables
2025-07-03 12:59:32 | INFO     | src.config:load_config:29 - Trying to load from Streamlit secrets
2025-07-03 12:59:32 | DEBUG    | src.api.texau_client:__init__:31 - TexAU client initialized with complete authentication
2025-07-03 12:59:32 | DEBUG    | src.api.linkedin_api:__init__:11 - LinkedIn API client initialized
2025-07-03 12:59:32 | DEBUG    | src.ui.app:__init__:22 - Initializing LinkedIn Extractor App
2025-07-03 12:59:40 | INFO     | src.config:load_config:15 - Loading environment variables
2025-07-03 12:59:40 | INFO     | src.config:load_config:29 - Trying to load from Streamlit secrets
2025-07-03 12:59:40 | DEBUG    | src.api.texau_client:__init__:31 - TexAU client initialized with complete authentication
2025-07-03 12:59:40 | DEBUG    | src.api.linkedin_api:__init__:11 - LinkedIn API client initialized
2025-07-03 12:59:40 | DEBUG    | src.ui.app:__init__:22 - Initializing LinkedIn Extractor App
2025-07-03 12:59:41 | INFO     | src.config:load_config:15 - Loading environment variables
2025-07-03 12:59:41 | INFO     | src.config:load_config:29 - Trying to load from Streamlit secrets
2025-07-03 12:59:41 | DEBUG    | src.api.texau_client:__init__:31 - TexAU client initialized with complete authentication
2025-07-03 12:59:41 | DEBUG    | src.api.linkedin_api:__init__:11 - LinkedIn API client initialized
2025-07-03 12:59:41 | DEBUG    | src.ui.app:__init__:22 - Initializing LinkedIn Extractor App
2025-07-03 12:59:41 | INFO     | src.config:load_config:15 - Loading environment variables
2025-07-03 12:59:41 | INFO     | src.config:load_config:29 - Trying to load from Streamlit secrets
2025-07-03 13:02:11 | INFO     | src.config:load_config:15 - Loading environment variables
2025-07-03 13:02:11 | INFO     | src.config:load_config:29 - Trying to load from Streamlit secrets
2025-07-03 13:02:11 | DEBUG    | src.api.texau_client:__init__:31 - TexAU client initialized with complete authentication
2025-07-03 13:02:11 | DEBUG    | src.api.linkedin_api:__init__:11 - LinkedIn API client initialized
2025-07-03 13:02:11 | DEBUG    | src.ui.app:__init__:22 - Initializing LinkedIn Extractor App
2025-07-03 13:13:52 | INFO     | src.config:load_config:15 - Loading environment variables
2025-07-03 13:13:52 | INFO     | src.config:load_config:29 - Trying to load from Streamlit secrets
2025-07-03 13:13:52 | DEBUG    | src.api.texau_client:__init__:31 - TexAU client initialized with complete authentication
2025-07-03 13:13:52 | DEBUG    | src.api.linkedin_api:__init__:11 - LinkedIn API client initialized
2025-07-03 13:13:52 | DEBUG    | src.ui.app:__init__:22 - Initializing LinkedIn Extractor App
2025-07-03 13:13:54 | INFO     | src.config:load_config:15 - Loading environment variables
2025-07-03 13:13:54 | INFO     | src.config:load_config:29 - Trying to load from Streamlit secrets
2025-07-03 13:13:54 | DEBUG    | src.api.texau_client:__init__:31 - TexAU client initialized with complete authentication
2025-07-03 13:13:54 | DEBUG    | src.api.linkedin_api:__init__:11 - LinkedIn API client initialized
2025-07-03 13:13:54 | DEBUG    | src.ui.app:__init__:22 - Initializing LinkedIn Extractor App
2025-07-03 13:13:54 | INFO     | src.config:load_config:15 - Loading environment variables
2025-07-03 13:13:54 | INFO     | src.config:load_config:29 - Trying to load from Streamlit secrets
2025-07-03 13:13:54 | DEBUG    | src.api.texau_client:__init__:31 - TexAU client initialized with complete authentication
2025-07-03 13:13:54 | DEBUG    | src.api.linkedin_api:__init__:11 - LinkedIn API client initialized
2025-07-03 13:13:54 | DEBUG    | src.ui.app:__init__:22 - Initializing LinkedIn Extractor App
2025-07-03 13:14:07 | INFO     | src.config:load_config:15 - Loading environment variables
2025-07-03 13:14:07 | INFO     | src.config:load_config:29 - Trying to load from Streamlit secrets
2025-07-03 13:14:07 | DEBUG    | src.api.texau_client:__init__:31 - TexAU client initialized with complete authentication
2025-07-03 13:14:07 | DEBUG    | src.api.linkedin_api:__init__:11 - LinkedIn API client initialized
2025-07-03 13:14:07 | DEBUG    | src.ui.app:__init__:22 - Initializing LinkedIn Extractor App
2025-07-03 13:14:09 | INFO     | src.config:load_config:15 - Loading environment variables
2025-07-03 13:14:09 | INFO     | src.config:load_config:29 - Trying to load from Streamlit secrets
2025-07-03 13:14:09 | DEBUG    | src.api.texau_client:__init__:31 - TexAU client initialized with complete authentication
2025-07-03 13:14:09 | DEBUG    | src.api.linkedin_api:__init__:11 - LinkedIn API client initialized
2025-07-03 13:14:09 | DEBUG    | src.ui.app:__init__:22 - Initializing LinkedIn Extractor App
2025-07-03 13:14:09 | INFO     | src.config:load_config:15 - Loading environment variables
2025-07-03 13:14:09 | INFO     | src.config:load_config:29 - Trying to load from Streamlit secrets
2025-07-03 13:32:54 | INFO     | src.config:load_config:15 - Loading environment variables
2025-07-03 13:32:54 | INFO     | src.config:load_config:29 - Trying to load from Streamlit secrets
2025-07-03 13:32:54 | DEBUG    | src.api.texau_client:__init__:31 - TexAU client initialized with complete authentication
2025-07-03 13:32:54 | DEBUG    | src.api.linkedin_api:__init__:11 - LinkedIn API client initialized
2025-07-03 13:32:54 | DEBUG    | src.ui.app:__init__:22 - Initializing LinkedIn Extractor App
2025-07-03 13:32:56 | INFO     | src.config:load_config:15 - Loading environment variables
2025-07-03 13:32:56 | INFO     | src.config:load_config:29 - Trying to load from Streamlit secrets
2025-07-03 13:32:56 | DEBUG    | src.api.texau_client:__init__:31 - TexAU client initialized with complete authentication
2025-07-03 13:32:56 | DEBUG    | src.api.linkedin_api:__init__:11 - LinkedIn API client initialized
2025-07-03 13:32:56 | DEBUG    | src.ui.app:__init__:22 - Initializing LinkedIn Extractor App
2025-07-03 13:32:56 | INFO     | src.config:load_config:15 - Loading environment variables
2025-07-03 13:32:56 | INFO     | src.config:load_config:29 - Trying to load from Streamlit secrets
2025-07-03 13:32:56 | DEBUG    | src.api.texau_client:__init__:31 - TexAU client initialized with complete authentication
2025-07-03 13:32:56 | DEBUG    | src.api.linkedin_api:__init__:11 - LinkedIn API client initialized
2025-07-03 13:32:56 | DEBUG    | src.ui.app:__init__:22 - Initializing LinkedIn Extractor App
2025-07-03 13:33:04 | INFO     | src.config:load_config:15 - Loading environment variables
2025-07-03 13:33:04 | INFO     | src.config:load_config:29 - Trying to load from Streamlit secrets
2025-07-03 13:33:04 | DEBUG    | src.api.texau_client:__init__:31 - TexAU client initialized with complete authentication
2025-07-03 13:33:04 | DEBUG    | src.api.linkedin_api:__init__:11 - LinkedIn API client initialized
2025-07-03 13:33:04 | DEBUG    | src.ui.app:__init__:22 - Initializing LinkedIn Extractor App
2025-07-03 13:33:06 | INFO     | src.config:load_config:15 - Loading environment variables
2025-07-03 13:33:06 | INFO     | src.config:load_config:29 - Trying to load from Streamlit secrets
2025-07-03 13:33:06 | DEBUG    | src.api.texau_client:__init__:31 - TexAU client initialized with complete authentication
2025-07-03 13:33:06 | DEBUG    | src.api.linkedin_api:__init__:11 - LinkedIn API client initialized
2025-07-03 13:33:06 | DEBUG    | src.ui.app:__init__:22 - Initializing LinkedIn Extractor App
2025-07-03 13:33:06 | INFO     | src.config:load_config:15 - Loading environment variables
2025-07-03 13:33:06 | INFO     | src.config:load_config:29 - Trying to load from Streamlit secrets
2025-07-03 13:38:01 | INFO     | src.config:load_config:15 - Loading environment variables
2025-07-03 13:38:01 | INFO     | src.config:load_config:29 - Trying to load from Streamlit secrets
2025-07-03 13:38:01 | DEBUG    | src.api.texau_client:__init__:31 - TexAU client initialized with complete authentication
2025-07-03 13:38:01 | DEBUG    | src.api.linkedin_api:__init__:11 - LinkedIn API client initialized
2025-07-03 13:38:01 | DEBUG    | src.ui.app:__init__:22 - Initializing LinkedIn Extractor App
2025-07-03 13:38:04 | INFO     | src.config:load_config:15 - Loading environment variables
2025-07-03 13:38:04 | INFO     | src.config:load_config:29 - Trying to load from Streamlit secrets
2025-07-03 13:38:04 | DEBUG    | src.api.texau_client:__init__:31 - TexAU client initialized with complete authentication
2025-07-03 13:38:04 | DEBUG    | src.api.linkedin_api:__init__:11 - LinkedIn API client initialized
2025-07-03 13:38:04 | DEBUG    | src.ui.app:__init__:22 - Initializing LinkedIn Extractor App
2025-07-03 13:38:04 | INFO     | src.config:load_config:15 - Loading environment variables
2025-07-03 13:38:04 | INFO     | src.config:load_config:29 - Trying to load from Streamlit secrets
2025-07-03 13:40:08 | INFO     | src.config:load_config:15 - Loading environment variables
2025-07-03 13:40:08 | INFO     | src.config:load_config:29 - Trying to load from Streamlit secrets
2025-07-03 13:40:08 | DEBUG    | src.api.texau_client:__init__:31 - TexAU client initialized with complete authentication
2025-07-03 13:40:08 | DEBUG    | src.api.linkedin_api:__init__:11 - LinkedIn API client initialized
2025-07-03 13:40:08 | DEBUG    | src.ui.app:__init__:22 - Initializing LinkedIn Extractor App
