2025-07-02 16:24:16 | INFO     | src.config:load_config:15 - Loading environment variables
2025-07-02 16:24:16 | INFO     | src.config:load_config:29 - Trying to load from Streamlit secrets
2025-07-02 16:24:16 | DEBUG    | src.api.texau_client:__init__:31 - TexAU client initialized with complete authentication
2025-07-02 16:24:16 | DEBUG    | src.api.linkedin_api:__init__:11 - LinkedIn API client initialized
2025-07-02 16:24:16 | DEBUG    | src.ui.app:__init__:19 - Initializing LinkedIn Extractor App
2025-07-02 16:25:13 | INFO     | src.config:load_config:15 - Loading environment variables
2025-07-02 16:25:13 | INFO     | src.config:load_config:29 - Trying to load from Streamlit secrets
2025-07-02 16:25:13 | DEBUG    | src.api.texau_client:__init__:31 - TexAU client initialized with complete authentication
2025-07-02 16:25:13 | DEBUG    | src.api.linkedin_api:__init__:11 - LinkedIn API client initialized
2025-07-02 16:25:13 | DEBUG    | src.ui.app:__init__:19 - Initializing LinkedIn Extractor App
2025-07-02 16:25:13 | INFO     | src.config:load_config:15 - Loading environment variables
2025-07-02 16:25:13 | INFO     | src.config:load_config:29 - Trying to load from Streamlit secrets
2025-07-02 16:25:13 | DEBUG    | src.api.texau_client:__init__:31 - TexAU client initialized with complete authentication
2025-07-02 16:25:13 | DEBUG    | src.api.linkedin_api:__init__:11 - LinkedIn API client initialized
2025-07-02 16:25:13 | DEBUG    | src.ui.app:__init__:19 - Initializing LinkedIn Extractor App
2025-07-02 16:25:15 | INFO     | src.config:load_config:15 - Loading environment variables
2025-07-02 16:25:15 | INFO     | src.config:load_config:29 - Trying to load from Streamlit secrets
2025-07-02 16:25:15 | DEBUG    | src.api.texau_client:__init__:31 - TexAU client initialized with complete authentication
2025-07-02 16:25:15 | DEBUG    | src.api.linkedin_api:__init__:11 - LinkedIn API client initialized
2025-07-02 16:25:15 | DEBUG    | src.ui.app:__init__:19 - Initializing LinkedIn Extractor App
2025-07-02 16:25:15 | INFO     | src.config:load_config:15 - Loading environment variables
2025-07-02 16:25:15 | INFO     | src.config:load_config:29 - Trying to load from Streamlit secrets
2025-07-02 16:25:15 | DEBUG    | src.api.texau_client:__init__:31 - TexAU client initialized with complete authentication
2025-07-02 16:25:15 | DEBUG    | src.api.linkedin_api:__init__:11 - LinkedIn API client initialized
2025-07-02 16:25:15 | DEBUG    | src.ui.app:__init__:19 - Initializing LinkedIn Extractor App
2025-07-02 16:25:15 | INFO     | src.config:load_config:15 - Loading environment variables
2025-07-02 16:25:15 | INFO     | src.config:load_config:29 - Trying to load from Streamlit secrets
2025-07-02 16:25:15 | DEBUG    | src.api.texau_client:__init__:31 - TexAU client initialized with complete authentication
2025-07-02 16:25:15 | DEBUG    | src.api.linkedin_api:__init__:11 - LinkedIn API client initialized
2025-07-02 16:25:15 | DEBUG    | src.ui.app:__init__:19 - Initializing LinkedIn Extractor App
2025-07-02 16:25:15 | INFO     | src.config:load_config:15 - Loading environment variables
2025-07-02 16:25:15 | INFO     | src.config:load_config:29 - Trying to load from Streamlit secrets
2025-07-02 16:25:15 | DEBUG    | src.api.texau_client:__init__:31 - TexAU client initialized with complete authentication
2025-07-02 16:25:15 | DEBUG    | src.api.linkedin_api:__init__:11 - LinkedIn API client initialized
2025-07-02 16:25:15 | DEBUG    | src.ui.app:__init__:19 - Initializing LinkedIn Extractor App
2025-07-02 16:56:22 | INFO     | src.config:load_config:15 - Loading environment variables
2025-07-02 16:56:22 | INFO     | src.config:load_config:29 - Trying to load from Streamlit secrets
2025-07-02 16:56:22 | DEBUG    | src.api.texau_client:__init__:31 - TexAU client initialized with complete authentication
2025-07-02 16:56:22 | DEBUG    | src.api.linkedin_api:__init__:11 - LinkedIn API client initialized
2025-07-02 16:56:22 | DEBUG    | src.ui.app:__init__:36 - Initializing LinkedIn Extractor App
2025-07-02 16:56:22 | INFO     | src.ui.app:_fetch_layoffs_news:150 - News feed updated with current layoffs data
2025-07-02 16:56:41 | INFO     | src.config:load_config:15 - Loading environment variables
2025-07-02 16:56:41 | INFO     | src.config:load_config:29 - Trying to load from Streamlit secrets
2025-07-02 16:56:41 | DEBUG    | src.api.texau_client:__init__:31 - TexAU client initialized with complete authentication
2025-07-02 16:56:41 | DEBUG    | src.api.linkedin_api:__init__:11 - LinkedIn API client initialized
2025-07-02 16:56:41 | DEBUG    | src.ui.app:__init__:36 - Initializing LinkedIn Extractor App
2025-07-02 16:56:41 | INFO     | src.ui.app:_fetch_layoffs_news:150 - News feed updated with current layoffs data
2025-07-02 16:56:41 | INFO     | src.config:load_config:15 - Loading environment variables
2025-07-02 16:56:41 | INFO     | src.config:load_config:29 - Trying to load from Streamlit secrets
2025-07-02 16:56:41 | DEBUG    | src.api.texau_client:__init__:31 - TexAU client initialized with complete authentication
2025-07-02 16:56:41 | DEBUG    | src.api.linkedin_api:__init__:11 - LinkedIn API client initialized
2025-07-02 16:56:41 | DEBUG    | src.ui.app:__init__:36 - Initializing LinkedIn Extractor App
2025-07-02 16:57:23 | INFO     | src.config:load_config:15 - Loading environment variables
2025-07-02 16:57:23 | INFO     | src.config:load_config:29 - Trying to load from Streamlit secrets
2025-07-02 16:57:23 | DEBUG    | src.api.texau_client:__init__:31 - TexAU client initialized with complete authentication
2025-07-02 16:57:23 | DEBUG    | src.api.linkedin_api:__init__:11 - LinkedIn API client initialized
2025-07-02 16:57:23 | DEBUG    | src.ui.app:__init__:36 - Initializing LinkedIn Extractor App
2025-07-02 16:57:23 | INFO     | src.config:load_config:15 - Loading environment variables
2025-07-02 16:57:23 | INFO     | src.config:load_config:29 - Trying to load from Streamlit secrets
2025-07-02 16:57:23 | DEBUG    | src.api.texau_client:__init__:31 - TexAU client initialized with complete authentication
2025-07-02 16:57:23 | DEBUG    | src.api.linkedin_api:__init__:11 - LinkedIn API client initialized
2025-07-02 16:57:23 | DEBUG    | src.ui.app:__init__:36 - Initializing LinkedIn Extractor App
2025-07-02 16:57:28 | INFO     | src.config:load_config:15 - Loading environment variables
2025-07-02 16:57:28 | INFO     | src.config:load_config:29 - Trying to load from Streamlit secrets
2025-07-02 16:57:28 | DEBUG    | src.api.texau_client:__init__:31 - TexAU client initialized with complete authentication
2025-07-02 16:57:28 | DEBUG    | src.api.linkedin_api:__init__:11 - LinkedIn API client initialized
2025-07-02 16:57:28 | DEBUG    | src.ui.app:__init__:36 - Initializing LinkedIn Extractor App
2025-07-02 16:57:31 | INFO     | src.config:load_config:15 - Loading environment variables
2025-07-02 16:57:31 | INFO     | src.config:load_config:29 - Trying to load from Streamlit secrets
2025-07-02 16:57:31 | DEBUG    | src.api.texau_client:__init__:31 - TexAU client initialized with complete authentication
2025-07-02 16:57:31 | DEBUG    | src.api.linkedin_api:__init__:11 - LinkedIn API client initialized
2025-07-02 16:57:31 | DEBUG    | src.ui.app:__init__:36 - Initializing LinkedIn Extractor App
2025-07-02 16:57:31 | INFO     | src.config:load_config:15 - Loading environment variables
2025-07-02 16:57:31 | INFO     | src.config:load_config:29 - Trying to load from Streamlit secrets
2025-07-02 16:57:31 | DEBUG    | src.api.texau_client:__init__:31 - TexAU client initialized with complete authentication
2025-07-02 16:57:31 | DEBUG    | src.api.linkedin_api:__init__:11 - LinkedIn API client initialized
2025-07-02 16:57:31 | DEBUG    | src.ui.app:__init__:36 - Initializing LinkedIn Extractor App
2025-07-02 16:57:31 | DEBUG    | src.api.texau_client:_make_request:51 - Making API request to endpoint: public/automations?platformId=622f03eb770f6bba0b8facaa
2025-07-02 16:57:33 | DEBUG    | src.api.linkedin_api:run_automation:34 - Payload sent to TexAU /run: {
  "name": "Post Search Export",
  "description": "Export LinkedIn posts by keywords",
  "automationId": "64099c6e0936e46db5d76f4c",
  "connectedAccountId": "68340dc4e7bb1f6b5af36e98",
  "timezone": "Asia/Kolkata",
  "inputs": {
    "liPostSearchUrl": "Allied Worldwide",
    "maxCountPostSearch": 5
  }
}
2025-07-02 16:57:33 | DEBUG    | src.api.texau_client:_make_request:51 - Making API request to endpoint: public/run
2025-07-02 16:57:36 | DEBUG    | src.api.texau_client:_make_request:51 - Making API request to endpoint: public/results/686517a7932b7b14987b7fb3
2025-07-02 16:57:39 | DEBUG    | src.api.texau_client:_make_request:51 - Making API request to endpoint: public/results/686517a7932b7b14987b7fb3
2025-07-02 16:57:42 | DEBUG    | src.api.texau_client:_make_request:51 - Making API request to endpoint: public/results/686517a7932b7b14987b7fb3
2025-07-02 16:57:45 | DEBUG    | src.api.texau_client:_make_request:51 - Making API request to endpoint: public/results/686517a7932b7b14987b7fb3
2025-07-02 16:57:48 | DEBUG    | src.api.texau_client:_make_request:51 - Making API request to endpoint: public/results/686517a7932b7b14987b7fb3
2025-07-02 16:57:51 | DEBUG    | src.api.texau_client:_make_request:51 - Making API request to endpoint: public/results/686517a7932b7b14987b7fb3
2025-07-02 16:58:18 | INFO     | src.config:load_config:15 - Loading environment variables
2025-07-02 16:58:18 | INFO     | src.config:load_config:29 - Trying to load from Streamlit secrets
2025-07-02 16:58:18 | DEBUG    | src.api.texau_client:__init__:31 - TexAU client initialized with complete authentication
2025-07-02 16:58:18 | DEBUG    | src.api.linkedin_api:__init__:11 - LinkedIn API client initialized
2025-07-02 16:58:18 | DEBUG    | src.ui.app:__init__:36 - Initializing LinkedIn Extractor App
2025-07-02 16:58:26 | INFO     | src.config:load_config:15 - Loading environment variables
2025-07-02 16:58:26 | INFO     | src.config:load_config:29 - Trying to load from Streamlit secrets
2025-07-02 16:58:26 | DEBUG    | src.api.texau_client:__init__:31 - TexAU client initialized with complete authentication
2025-07-02 16:58:26 | DEBUG    | src.api.linkedin_api:__init__:11 - LinkedIn API client initialized
2025-07-02 16:58:26 | DEBUG    | src.ui.app:__init__:36 - Initializing LinkedIn Extractor App
2025-07-02 16:58:26 | INFO     | src.config:load_config:15 - Loading environment variables
2025-07-02 16:58:26 | INFO     | src.config:load_config:29 - Trying to load from Streamlit secrets
2025-07-02 16:58:26 | DEBUG    | src.api.texau_client:__init__:31 - TexAU client initialized with complete authentication
2025-07-02 16:58:26 | DEBUG    | src.api.linkedin_api:__init__:11 - LinkedIn API client initialized
2025-07-02 16:58:26 | DEBUG    | src.ui.app:__init__:36 - Initializing LinkedIn Extractor App
2025-07-02 17:32:09 | INFO     | src.config:load_config:15 - Loading environment variables
2025-07-02 17:32:09 | INFO     | src.config:load_config:29 - Trying to load from Streamlit secrets
2025-07-02 17:32:09 | DEBUG    | src.api.texau_client:__init__:31 - TexAU client initialized with complete authentication
2025-07-02 17:32:09 | DEBUG    | src.api.linkedin_api:__init__:11 - LinkedIn API client initialized
2025-07-02 17:32:09 | DEBUG    | src.ui.app:__init__:19 - Initializing LinkedIn Extractor App
2025-07-02 17:32:12 | INFO     | src.config:load_config:15 - Loading environment variables
2025-07-02 17:32:12 | INFO     | src.config:load_config:29 - Trying to load from Streamlit secrets
2025-07-02 17:32:12 | DEBUG    | src.api.texau_client:__init__:31 - TexAU client initialized with complete authentication
2025-07-02 17:32:12 | DEBUG    | src.api.linkedin_api:__init__:11 - LinkedIn API client initialized
2025-07-02 17:32:12 | DEBUG    | src.ui.app:__init__:19 - Initializing LinkedIn Extractor App
2025-07-02 17:32:13 | INFO     | src.config:load_config:15 - Loading environment variables
2025-07-02 17:32:13 | INFO     | src.config:load_config:29 - Trying to load from Streamlit secrets
2025-07-02 17:32:13 | DEBUG    | src.api.texau_client:__init__:31 - TexAU client initialized with complete authentication
2025-07-02 17:32:13 | DEBUG    | src.api.linkedin_api:__init__:11 - LinkedIn API client initialized
2025-07-02 17:32:13 | DEBUG    | src.ui.app:__init__:19 - Initializing LinkedIn Extractor App
2025-07-02 17:32:13 | INFO     | src.config:load_config:15 - Loading environment variables
2025-07-02 17:32:13 | INFO     | src.config:load_config:29 - Trying to load from Streamlit secrets
2025-07-02 17:32:13 | DEBUG    | src.api.texau_client:__init__:31 - TexAU client initialized with complete authentication
2025-07-02 17:32:13 | DEBUG    | src.api.linkedin_api:__init__:11 - LinkedIn API client initialized
2025-07-02 17:32:13 | DEBUG    | src.ui.app:__init__:19 - Initializing LinkedIn Extractor App
2025-07-02 17:32:13 | INFO     | src.config:load_config:15 - Loading environment variables
2025-07-02 17:32:13 | INFO     | src.config:load_config:29 - Trying to load from Streamlit secrets
2025-07-02 17:32:13 | DEBUG    | src.api.texau_client:__init__:31 - TexAU client initialized with complete authentication
2025-07-02 17:32:13 | DEBUG    | src.api.linkedin_api:__init__:11 - LinkedIn API client initialized
2025-07-02 17:32:13 | DEBUG    | src.ui.app:__init__:19 - Initializing LinkedIn Extractor App
2025-07-02 17:32:14 | INFO     | src.config:load_config:15 - Loading environment variables
2025-07-02 17:32:14 | INFO     | src.config:load_config:29 - Trying to load from Streamlit secrets
2025-07-02 17:32:14 | DEBUG    | src.api.texau_client:__init__:31 - TexAU client initialized with complete authentication
2025-07-02 17:32:14 | DEBUG    | src.api.linkedin_api:__init__:11 - LinkedIn API client initialized
2025-07-02 17:32:14 | DEBUG    | src.ui.app:__init__:19 - Initializing LinkedIn Extractor App
2025-07-02 17:32:14 | INFO     | src.config:load_config:15 - Loading environment variables
2025-07-02 17:32:14 | INFO     | src.config:load_config:29 - Trying to load from Streamlit secrets
2025-07-02 17:32:14 | DEBUG    | src.api.texau_client:__init__:31 - TexAU client initialized with complete authentication
2025-07-02 17:32:14 | DEBUG    | src.api.linkedin_api:__init__:11 - LinkedIn API client initialized
2025-07-02 17:32:14 | DEBUG    | src.ui.app:__init__:19 - Initializing LinkedIn Extractor App
2025-07-02 17:32:15 | INFO     | src.config:load_config:15 - Loading environment variables
2025-07-02 17:32:15 | INFO     | src.config:load_config:29 - Trying to load from Streamlit secrets
2025-07-02 17:32:15 | DEBUG    | src.api.texau_client:__init__:31 - TexAU client initialized with complete authentication
2025-07-02 17:32:15 | DEBUG    | src.api.linkedin_api:__init__:11 - LinkedIn API client initialized
2025-07-02 17:32:15 | DEBUG    | src.ui.app:__init__:19 - Initializing LinkedIn Extractor App
2025-07-02 17:32:15 | INFO     | src.config:load_config:15 - Loading environment variables
2025-07-02 17:32:15 | INFO     | src.config:load_config:29 - Trying to load from Streamlit secrets
2025-07-02 17:32:15 | DEBUG    | src.api.texau_client:__init__:31 - TexAU client initialized with complete authentication
2025-07-02 17:32:15 | DEBUG    | src.api.linkedin_api:__init__:11 - LinkedIn API client initialized
2025-07-02 17:32:15 | DEBUG    | src.ui.app:__init__:19 - Initializing LinkedIn Extractor App
2025-07-02 17:32:16 | INFO     | src.config:load_config:15 - Loading environment variables
2025-07-02 17:32:16 | INFO     | src.config:load_config:29 - Trying to load from Streamlit secrets
2025-07-02 17:32:16 | DEBUG    | src.api.texau_client:__init__:31 - TexAU client initialized with complete authentication
2025-07-02 17:32:16 | DEBUG    | src.api.linkedin_api:__init__:11 - LinkedIn API client initialized
2025-07-02 17:32:16 | DEBUG    | src.ui.app:__init__:19 - Initializing LinkedIn Extractor App
2025-07-02 17:32:16 | INFO     | src.config:load_config:15 - Loading environment variables
2025-07-02 17:32:16 | INFO     | src.config:load_config:29 - Trying to load from Streamlit secrets
2025-07-02 17:32:16 | DEBUG    | src.api.texau_client:__init__:31 - TexAU client initialized with complete authentication
2025-07-02 17:32:16 | DEBUG    | src.api.linkedin_api:__init__:11 - LinkedIn API client initialized
2025-07-02 17:32:16 | DEBUG    | src.ui.app:__init__:19 - Initializing LinkedIn Extractor App
2025-07-02 17:32:24 | INFO     | src.config:load_config:15 - Loading environment variables
2025-07-02 17:32:24 | INFO     | src.config:load_config:29 - Trying to load from Streamlit secrets
2025-07-02 17:32:24 | DEBUG    | src.api.texau_client:__init__:31 - TexAU client initialized with complete authentication
2025-07-02 17:32:24 | DEBUG    | src.api.linkedin_api:__init__:11 - LinkedIn API client initialized
2025-07-02 17:32:24 | DEBUG    | src.ui.app:__init__:19 - Initializing LinkedIn Extractor App
2025-07-02 17:32:24 | INFO     | src.config:load_config:15 - Loading environment variables
2025-07-02 17:32:24 | INFO     | src.config:load_config:29 - Trying to load from Streamlit secrets
2025-07-02 17:32:24 | DEBUG    | src.api.texau_client:__init__:31 - TexAU client initialized with complete authentication
2025-07-02 17:32:24 | DEBUG    | src.api.linkedin_api:__init__:11 - LinkedIn API client initialized
2025-07-02 17:32:24 | DEBUG    | src.ui.app:__init__:19 - Initializing LinkedIn Extractor App
2025-07-02 17:32:25 | INFO     | src.config:load_config:15 - Loading environment variables
2025-07-02 17:32:25 | INFO     | src.config:load_config:29 - Trying to load from Streamlit secrets
2025-07-02 17:32:25 | DEBUG    | src.api.texau_client:__init__:31 - TexAU client initialized with complete authentication
2025-07-02 17:32:25 | DEBUG    | src.api.linkedin_api:__init__:11 - LinkedIn API client initialized
2025-07-02 17:32:25 | DEBUG    | src.ui.app:__init__:19 - Initializing LinkedIn Extractor App
2025-07-02 17:32:25 | INFO     | src.config:load_config:15 - Loading environment variables
2025-07-02 17:32:25 | INFO     | src.config:load_config:29 - Trying to load from Streamlit secrets
2025-07-02 17:32:25 | DEBUG    | src.api.texau_client:__init__:31 - TexAU client initialized with complete authentication
2025-07-02 17:32:25 | DEBUG    | src.api.linkedin_api:__init__:11 - LinkedIn API client initialized
2025-07-02 17:32:25 | DEBUG    | src.ui.app:__init__:19 - Initializing LinkedIn Extractor App
2025-07-02 17:32:26 | INFO     | src.config:load_config:15 - Loading environment variables
2025-07-02 17:32:26 | INFO     | src.config:load_config:29 - Trying to load from Streamlit secrets
2025-07-02 17:32:26 | DEBUG    | src.api.texau_client:__init__:31 - TexAU client initialized with complete authentication
2025-07-02 17:32:26 | DEBUG    | src.api.linkedin_api:__init__:11 - LinkedIn API client initialized
2025-07-02 17:32:26 | DEBUG    | src.ui.app:__init__:19 - Initializing LinkedIn Extractor App
2025-07-02 17:32:26 | INFO     | src.config:load_config:15 - Loading environment variables
2025-07-02 17:32:26 | INFO     | src.config:load_config:29 - Trying to load from Streamlit secrets
2025-07-02 17:32:26 | DEBUG    | src.api.texau_client:__init__:31 - TexAU client initialized with complete authentication
2025-07-02 17:32:26 | DEBUG    | src.api.linkedin_api:__init__:11 - LinkedIn API client initialized
2025-07-02 17:32:26 | DEBUG    | src.ui.app:__init__:19 - Initializing LinkedIn Extractor App
2025-07-02 17:32:27 | INFO     | src.config:load_config:15 - Loading environment variables
2025-07-02 17:32:27 | INFO     | src.config:load_config:29 - Trying to load from Streamlit secrets
2025-07-02 17:32:27 | DEBUG    | src.api.texau_client:__init__:31 - TexAU client initialized with complete authentication
2025-07-02 17:32:27 | DEBUG    | src.api.linkedin_api:__init__:11 - LinkedIn API client initialized
2025-07-02 17:32:27 | DEBUG    | src.ui.app:__init__:19 - Initializing LinkedIn Extractor App
2025-07-02 17:32:27 | INFO     | src.config:load_config:15 - Loading environment variables
2025-07-02 17:32:27 | INFO     | src.config:load_config:29 - Trying to load from Streamlit secrets
2025-07-02 17:32:27 | DEBUG    | src.api.texau_client:__init__:31 - TexAU client initialized with complete authentication
2025-07-02 17:32:27 | DEBUG    | src.api.linkedin_api:__init__:11 - LinkedIn API client initialized
2025-07-02 17:32:27 | DEBUG    | src.ui.app:__init__:19 - Initializing LinkedIn Extractor App
2025-07-02 17:32:28 | INFO     | src.config:load_config:15 - Loading environment variables
2025-07-02 17:32:28 | INFO     | src.config:load_config:29 - Trying to load from Streamlit secrets
2025-07-02 17:32:28 | DEBUG    | src.api.texau_client:__init__:31 - TexAU client initialized with complete authentication
2025-07-02 17:32:28 | DEBUG    | src.api.linkedin_api:__init__:11 - LinkedIn API client initialized
2025-07-02 17:32:28 | DEBUG    | src.ui.app:__init__:19 - Initializing LinkedIn Extractor App
2025-07-02 17:32:28 | INFO     | src.config:load_config:15 - Loading environment variables
2025-07-02 17:32:28 | INFO     | src.config:load_config:29 - Trying to load from Streamlit secrets
2025-07-02 17:32:28 | DEBUG    | src.api.texau_client:__init__:31 - TexAU client initialized with complete authentication
2025-07-02 17:32:28 | DEBUG    | src.api.linkedin_api:__init__:11 - LinkedIn API client initialized
2025-07-02 17:32:28 | DEBUG    | src.ui.app:__init__:19 - Initializing LinkedIn Extractor App
2025-07-02 17:32:29 | INFO     | src.config:load_config:15 - Loading environment variables
2025-07-02 17:32:29 | INFO     | src.config:load_config:29 - Trying to load from Streamlit secrets
2025-07-02 17:32:29 | DEBUG    | src.api.texau_client:__init__:31 - TexAU client initialized with complete authentication
2025-07-02 17:32:29 | DEBUG    | src.api.linkedin_api:__init__:11 - LinkedIn API client initialized
2025-07-02 17:32:29 | DEBUG    | src.ui.app:__init__:19 - Initializing LinkedIn Extractor App
2025-07-02 17:32:29 | INFO     | src.config:load_config:15 - Loading environment variables
2025-07-02 17:32:29 | INFO     | src.config:load_config:29 - Trying to load from Streamlit secrets
2025-07-02 17:32:29 | DEBUG    | src.api.texau_client:__init__:31 - TexAU client initialized with complete authentication
2025-07-02 17:32:29 | DEBUG    | src.api.linkedin_api:__init__:11 - LinkedIn API client initialized
2025-07-02 17:32:29 | DEBUG    | src.ui.app:__init__:19 - Initializing LinkedIn Extractor App
2025-07-02 17:32:30 | INFO     | src.config:load_config:15 - Loading environment variables
2025-07-02 17:32:30 | INFO     | src.config:load_config:29 - Trying to load from Streamlit secrets
2025-07-02 17:32:30 | DEBUG    | src.api.texau_client:__init__:31 - TexAU client initialized with complete authentication
2025-07-02 17:32:30 | DEBUG    | src.api.linkedin_api:__init__:11 - LinkedIn API client initialized
2025-07-02 17:32:30 | DEBUG    | src.ui.app:__init__:19 - Initializing LinkedIn Extractor App
2025-07-02 17:32:30 | INFO     | src.config:load_config:15 - Loading environment variables
2025-07-02 17:32:30 | INFO     | src.config:load_config:29 - Trying to load from Streamlit secrets
2025-07-02 17:32:30 | DEBUG    | src.api.texau_client:__init__:31 - TexAU client initialized with complete authentication
2025-07-02 17:32:30 | DEBUG    | src.api.linkedin_api:__init__:11 - LinkedIn API client initialized
2025-07-02 17:32:30 | DEBUG    | src.ui.app:__init__:19 - Initializing LinkedIn Extractor App
2025-07-02 17:32:32 | INFO     | src.config:load_config:15 - Loading environment variables
2025-07-02 17:32:32 | INFO     | src.config:load_config:29 - Trying to load from Streamlit secrets
2025-07-02 17:32:32 | DEBUG    | src.api.texau_client:__init__:31 - TexAU client initialized with complete authentication
2025-07-02 17:32:32 | DEBUG    | src.api.linkedin_api:__init__:11 - LinkedIn API client initialized
2025-07-02 17:32:32 | DEBUG    | src.ui.app:__init__:19 - Initializing LinkedIn Extractor App
2025-07-02 17:32:32 | INFO     | src.config:load_config:15 - Loading environment variables
2025-07-02 17:32:32 | INFO     | src.config:load_config:29 - Trying to load from Streamlit secrets
2025-07-02 17:32:32 | DEBUG    | src.api.texau_client:__init__:31 - TexAU client initialized with complete authentication
2025-07-02 17:32:32 | DEBUG    | src.api.linkedin_api:__init__:11 - LinkedIn API client initialized
2025-07-02 17:32:32 | DEBUG    | src.ui.app:__init__:19 - Initializing LinkedIn Extractor App
2025-07-02 18:32:06 | INFO     | src.config:load_config:15 - Loading environment variables
2025-07-02 18:32:06 | INFO     | src.config:load_config:29 - Trying to load from Streamlit secrets
2025-07-02 18:32:06 | DEBUG    | src.api.texau_client:__init__:31 - TexAU client initialized with complete authentication
2025-07-02 18:32:06 | DEBUG    | src.api.linkedin_api:__init__:11 - LinkedIn API client initialized
2025-07-02 18:32:06 | DEBUG    | src.ui.app:__init__:22 - Initializing LinkedIn Extractor App
2025-07-02 18:32:10 | INFO     | src.config:load_config:15 - Loading environment variables
2025-07-02 18:32:10 | INFO     | src.config:load_config:29 - Trying to load from Streamlit secrets
2025-07-02 18:32:10 | DEBUG    | src.api.texau_client:__init__:31 - TexAU client initialized with complete authentication
2025-07-02 18:32:10 | DEBUG    | src.api.linkedin_api:__init__:11 - LinkedIn API client initialized
2025-07-02 18:32:10 | DEBUG    | src.ui.app:__init__:22 - Initializing LinkedIn Extractor App
2025-07-02 18:32:10 | INFO     | src.config:load_config:15 - Loading environment variables
2025-07-02 18:32:10 | INFO     | src.config:load_config:29 - Trying to load from Streamlit secrets
2025-07-02 18:32:10 | DEBUG    | src.api.texau_client:__init__:31 - TexAU client initialized with complete authentication
2025-07-02 18:32:10 | DEBUG    | src.api.linkedin_api:__init__:11 - LinkedIn API client initialized
2025-07-02 18:32:10 | DEBUG    | src.ui.app:__init__:22 - Initializing LinkedIn Extractor App
2025-07-02 18:32:18 | INFO     | src.config:load_config:15 - Loading environment variables
2025-07-02 18:32:18 | INFO     | src.config:load_config:29 - Trying to load from Streamlit secrets
2025-07-02 18:32:18 | DEBUG    | src.api.texau_client:__init__:31 - TexAU client initialized with complete authentication
2025-07-02 18:32:18 | DEBUG    | src.api.linkedin_api:__init__:11 - LinkedIn API client initialized
2025-07-02 18:32:18 | DEBUG    | src.ui.app:__init__:22 - Initializing LinkedIn Extractor App
2025-07-02 18:32:21 | INFO     | src.config:load_config:15 - Loading environment variables
2025-07-02 18:32:21 | INFO     | src.config:load_config:29 - Trying to load from Streamlit secrets
2025-07-02 18:32:21 | DEBUG    | src.api.texau_client:__init__:31 - TexAU client initialized with complete authentication
2025-07-02 18:32:21 | DEBUG    | src.api.linkedin_api:__init__:11 - LinkedIn API client initialized
2025-07-02 18:32:21 | DEBUG    | src.ui.app:__init__:22 - Initializing LinkedIn Extractor App
2025-07-02 18:32:21 | INFO     | src.config:load_config:15 - Loading environment variables
2025-07-02 18:32:21 | INFO     | src.config:load_config:29 - Trying to load from Streamlit secrets
2025-07-02 18:32:23 | ERROR    | src.ui.app:generate_comment_hf:1766 - HF API error: 401 - {"error":"401 Unauthorized"}
2025-07-02 18:32:26 | ERROR    | src.ui.app:generate_comment_hf:1766 - HF API error: 401 - {"error":"401 Unauthorized"}
2025-07-02 18:37:55 | INFO     | src.config:load_config:15 - Loading environment variables
2025-07-02 18:37:55 | INFO     | src.config:load_config:29 - Trying to load from Streamlit secrets
2025-07-02 18:37:55 | DEBUG    | src.api.texau_client:__init__:31 - TexAU client initialized with complete authentication
2025-07-02 18:37:55 | DEBUG    | src.api.linkedin_api:__init__:11 - LinkedIn API client initialized
2025-07-02 18:37:55 | DEBUG    | src.ui.app:__init__:22 - Initializing LinkedIn Extractor App
2025-07-02 18:38:00 | INFO     | src.config:load_config:15 - Loading environment variables
2025-07-02 18:38:00 | INFO     | src.config:load_config:29 - Trying to load from Streamlit secrets
2025-07-02 18:38:00 | DEBUG    | src.api.texau_client:__init__:31 - TexAU client initialized with complete authentication
2025-07-02 18:38:00 | DEBUG    | src.api.linkedin_api:__init__:11 - LinkedIn API client initialized
2025-07-02 18:38:00 | DEBUG    | src.ui.app:__init__:22 - Initializing LinkedIn Extractor App
2025-07-02 18:38:01 | INFO     | src.config:load_config:15 - Loading environment variables
2025-07-02 18:38:01 | INFO     | src.config:load_config:29 - Trying to load from Streamlit secrets
2025-07-02 18:38:01 | DEBUG    | src.api.texau_client:__init__:31 - TexAU client initialized with complete authentication
2025-07-02 18:38:01 | DEBUG    | src.api.linkedin_api:__init__:11 - LinkedIn API client initialized
2025-07-02 18:38:01 | DEBUG    | src.ui.app:__init__:22 - Initializing LinkedIn Extractor App
2025-07-02 18:38:05 | INFO     | src.config:load_config:15 - Loading environment variables
2025-07-02 18:38:05 | INFO     | src.config:load_config:29 - Trying to load from Streamlit secrets
2025-07-02 18:38:05 | DEBUG    | src.api.texau_client:__init__:31 - TexAU client initialized with complete authentication
2025-07-02 18:38:05 | DEBUG    | src.api.linkedin_api:__init__:11 - LinkedIn API client initialized
2025-07-02 18:38:05 | DEBUG    | src.ui.app:__init__:22 - Initializing LinkedIn Extractor App
2025-07-02 18:38:07 | INFO     | src.config:load_config:15 - Loading environment variables
2025-07-02 18:38:07 | INFO     | src.config:load_config:29 - Trying to load from Streamlit secrets
2025-07-02 18:38:07 | DEBUG    | src.api.texau_client:__init__:31 - TexAU client initialized with complete authentication
2025-07-02 18:38:07 | DEBUG    | src.api.linkedin_api:__init__:11 - LinkedIn API client initialized
2025-07-02 18:38:07 | DEBUG    | src.ui.app:__init__:22 - Initializing LinkedIn Extractor App
2025-07-02 18:38:07 | INFO     | src.config:load_config:15 - Loading environment variables
2025-07-02 18:38:07 | INFO     | src.config:load_config:29 - Trying to load from Streamlit secrets
2025-07-02 18:39:32 | INFO     | src.config:load_config:15 - Loading environment variables
2025-07-02 18:39:32 | INFO     | src.config:load_config:29 - Trying to load from Streamlit secrets
2025-07-02 18:39:32 | DEBUG    | src.api.texau_client:__init__:31 - TexAU client initialized with complete authentication
2025-07-02 18:39:32 | DEBUG    | src.api.linkedin_api:__init__:11 - LinkedIn API client initialized
2025-07-02 18:39:32 | DEBUG    | src.ui.app:__init__:22 - Initializing LinkedIn Extractor App
2025-07-02 18:39:35 | INFO     | src.config:load_config:15 - Loading environment variables
2025-07-02 18:39:35 | INFO     | src.config:load_config:29 - Trying to load from Streamlit secrets
2025-07-02 18:39:35 | DEBUG    | src.api.texau_client:__init__:31 - TexAU client initialized with complete authentication
2025-07-02 18:39:35 | DEBUG    | src.api.linkedin_api:__init__:11 - LinkedIn API client initialized
2025-07-02 18:39:35 | DEBUG    | src.ui.app:__init__:22 - Initializing LinkedIn Extractor App
2025-07-02 18:39:35 | INFO     | src.config:load_config:15 - Loading environment variables
2025-07-02 18:39:35 | INFO     | src.config:load_config:29 - Trying to load from Streamlit secrets
2025-07-02 18:39:35 | DEBUG    | src.api.texau_client:__init__:31 - TexAU client initialized with complete authentication
2025-07-02 18:39:35 | DEBUG    | src.api.linkedin_api:__init__:11 - LinkedIn API client initialized
2025-07-02 18:39:35 | DEBUG    | src.ui.app:__init__:22 - Initializing LinkedIn Extractor App
2025-07-02 18:39:40 | INFO     | src.config:load_config:15 - Loading environment variables
2025-07-02 18:39:40 | INFO     | src.config:load_config:29 - Trying to load from Streamlit secrets
2025-07-02 18:39:40 | DEBUG    | src.api.texau_client:__init__:31 - TexAU client initialized with complete authentication
2025-07-02 18:39:40 | DEBUG    | src.api.linkedin_api:__init__:11 - LinkedIn API client initialized
2025-07-02 18:39:40 | DEBUG    | src.ui.app:__init__:22 - Initializing LinkedIn Extractor App
2025-07-02 18:39:43 | INFO     | src.config:load_config:15 - Loading environment variables
2025-07-02 18:39:43 | INFO     | src.config:load_config:29 - Trying to load from Streamlit secrets
2025-07-02 18:39:43 | DEBUG    | src.api.texau_client:__init__:31 - TexAU client initialized with complete authentication
2025-07-02 18:39:43 | DEBUG    | src.api.linkedin_api:__init__:11 - LinkedIn API client initialized
2025-07-02 18:39:43 | DEBUG    | src.ui.app:__init__:22 - Initializing LinkedIn Extractor App
2025-07-02 18:39:43 | INFO     | src.config:load_config:15 - Loading environment variables
2025-07-02 18:39:43 | INFO     | src.config:load_config:29 - Trying to load from Streamlit secrets
2025-07-02 18:43:11 | INFO     | src.config:load_config:15 - Loading environment variables
2025-07-02 18:43:11 | INFO     | src.config:load_config:29 - Trying to load from Streamlit secrets
2025-07-02 18:43:11 | DEBUG    | src.api.texau_client:__init__:31 - TexAU client initialized with complete authentication
2025-07-02 18:43:11 | DEBUG    | src.api.linkedin_api:__init__:11 - LinkedIn API client initialized
2025-07-02 18:43:11 | DEBUG    | src.ui.app:__init__:22 - Initializing LinkedIn Extractor App
2025-07-02 18:43:13 | INFO     | src.config:load_config:15 - Loading environment variables
2025-07-02 18:43:13 | INFO     | src.config:load_config:29 - Trying to load from Streamlit secrets
2025-07-02 18:43:13 | DEBUG    | src.api.texau_client:__init__:31 - TexAU client initialized with complete authentication
2025-07-02 18:43:13 | DEBUG    | src.api.linkedin_api:__init__:11 - LinkedIn API client initialized
2025-07-02 18:43:13 | DEBUG    | src.ui.app:__init__:22 - Initializing LinkedIn Extractor App
2025-07-02 18:43:13 | INFO     | src.config:load_config:15 - Loading environment variables
2025-07-02 18:43:13 | INFO     | src.config:load_config:29 - Trying to load from Streamlit secrets
2025-07-02 18:43:13 | DEBUG    | src.api.texau_client:__init__:31 - TexAU client initialized with complete authentication
2025-07-02 18:43:13 | DEBUG    | src.api.linkedin_api:__init__:11 - LinkedIn API client initialized
2025-07-02 18:43:13 | DEBUG    | src.ui.app:__init__:22 - Initializing LinkedIn Extractor App
2025-07-02 18:43:19 | INFO     | src.config:load_config:15 - Loading environment variables
2025-07-02 18:43:19 | INFO     | src.config:load_config:29 - Trying to load from Streamlit secrets
2025-07-02 18:43:19 | DEBUG    | src.api.texau_client:__init__:31 - TexAU client initialized with complete authentication
2025-07-02 18:43:19 | DEBUG    | src.api.linkedin_api:__init__:11 - LinkedIn API client initialized
2025-07-02 18:43:19 | DEBUG    | src.ui.app:__init__:22 - Initializing LinkedIn Extractor App
2025-07-02 18:43:21 | INFO     | src.config:load_config:15 - Loading environment variables
2025-07-02 18:43:21 | INFO     | src.config:load_config:29 - Trying to load from Streamlit secrets
2025-07-02 18:43:21 | DEBUG    | src.api.texau_client:__init__:31 - TexAU client initialized with complete authentication
2025-07-02 18:43:21 | DEBUG    | src.api.linkedin_api:__init__:11 - LinkedIn API client initialized
2025-07-02 18:43:21 | DEBUG    | src.ui.app:__init__:22 - Initializing LinkedIn Extractor App
2025-07-02 18:43:21 | INFO     | src.config:load_config:15 - Loading environment variables
2025-07-02 18:43:21 | INFO     | src.config:load_config:29 - Trying to load from Streamlit secrets
2025-07-02 18:44:39 | INFO     | src.config:load_config:15 - Loading environment variables
2025-07-02 18:44:39 | INFO     | src.config:load_config:29 - Trying to load from Streamlit secrets
2025-07-02 18:44:39 | DEBUG    | src.api.texau_client:__init__:31 - TexAU client initialized with complete authentication
2025-07-02 18:44:39 | DEBUG    | src.api.linkedin_api:__init__:11 - LinkedIn API client initialized
2025-07-02 18:44:39 | DEBUG    | src.ui.app:__init__:22 - Initializing LinkedIn Extractor App
2025-07-02 18:44:42 | INFO     | src.config:load_config:15 - Loading environment variables
2025-07-02 18:44:42 | INFO     | src.config:load_config:29 - Trying to load from Streamlit secrets
2025-07-02 18:44:42 | DEBUG    | src.api.texau_client:__init__:31 - TexAU client initialized with complete authentication
2025-07-02 18:44:42 | DEBUG    | src.api.linkedin_api:__init__:11 - LinkedIn API client initialized
2025-07-02 18:44:42 | DEBUG    | src.ui.app:__init__:22 - Initializing LinkedIn Extractor App
2025-07-02 18:44:42 | INFO     | src.config:load_config:15 - Loading environment variables
2025-07-02 18:44:42 | INFO     | src.config:load_config:29 - Trying to load from Streamlit secrets
2025-07-02 18:44:42 | DEBUG    | src.api.texau_client:__init__:31 - TexAU client initialized with complete authentication
2025-07-02 18:44:42 | DEBUG    | src.api.linkedin_api:__init__:11 - LinkedIn API client initialized
2025-07-02 18:44:42 | DEBUG    | src.ui.app:__init__:22 - Initializing LinkedIn Extractor App
2025-07-02 18:44:46 | INFO     | src.config:load_config:15 - Loading environment variables
2025-07-02 18:44:46 | INFO     | src.config:load_config:29 - Trying to load from Streamlit secrets
2025-07-02 18:44:46 | DEBUG    | src.api.texau_client:__init__:31 - TexAU client initialized with complete authentication
2025-07-02 18:44:46 | DEBUG    | src.api.linkedin_api:__init__:11 - LinkedIn API client initialized
2025-07-02 18:44:46 | DEBUG    | src.ui.app:__init__:22 - Initializing LinkedIn Extractor App
2025-07-02 18:44:47 | INFO     | src.config:load_config:15 - Loading environment variables
2025-07-02 18:44:47 | INFO     | src.config:load_config:29 - Trying to load from Streamlit secrets
2025-07-02 18:44:47 | DEBUG    | src.api.texau_client:__init__:31 - TexAU client initialized with complete authentication
2025-07-02 18:44:47 | DEBUG    | src.api.linkedin_api:__init__:11 - LinkedIn API client initialized
2025-07-02 18:44:47 | DEBUG    | src.ui.app:__init__:22 - Initializing LinkedIn Extractor App
2025-07-02 18:44:48 | INFO     | src.config:load_config:15 - Loading environment variables
2025-07-02 18:44:48 | INFO     | src.config:load_config:29 - Trying to load from Streamlit secrets
2025-07-02 18:46:58 | INFO     | src.config:load_config:15 - Loading environment variables
2025-07-02 18:46:58 | INFO     | src.config:load_config:29 - Trying to load from Streamlit secrets
2025-07-02 18:46:58 | DEBUG    | src.api.texau_client:__init__:31 - TexAU client initialized with complete authentication
2025-07-02 18:46:58 | DEBUG    | src.api.linkedin_api:__init__:11 - LinkedIn API client initialized
2025-07-02 18:46:58 | DEBUG    | src.ui.app:__init__:22 - Initializing LinkedIn Extractor App
2025-07-02 18:46:58 | INFO     | src.config:load_config:15 - Loading environment variables
2025-07-02 18:46:58 | INFO     | src.config:load_config:29 - Trying to load from Streamlit secrets
2025-07-02 18:46:58 | DEBUG    | src.api.texau_client:__init__:31 - TexAU client initialized with complete authentication
2025-07-02 18:46:58 | DEBUG    | src.api.linkedin_api:__init__:11 - LinkedIn API client initialized
2025-07-02 18:46:58 | DEBUG    | src.ui.app:__init__:22 - Initializing LinkedIn Extractor App
2025-07-02 18:47:01 | INFO     | src.config:load_config:15 - Loading environment variables
2025-07-02 18:47:01 | INFO     | src.config:load_config:29 - Trying to load from Streamlit secrets
2025-07-02 18:47:01 | DEBUG    | src.api.texau_client:__init__:31 - TexAU client initialized with complete authentication
2025-07-02 18:47:01 | DEBUG    | src.api.linkedin_api:__init__:11 - LinkedIn API client initialized
2025-07-02 18:47:01 | DEBUG    | src.ui.app:__init__:22 - Initializing LinkedIn Extractor App
2025-07-02 18:47:04 | INFO     | src.config:load_config:15 - Loading environment variables
2025-07-02 18:47:04 | INFO     | src.config:load_config:29 - Trying to load from Streamlit secrets
2025-07-02 18:47:04 | DEBUG    | src.api.texau_client:__init__:31 - TexAU client initialized with complete authentication
2025-07-02 18:47:04 | DEBUG    | src.api.linkedin_api:__init__:11 - LinkedIn API client initialized
2025-07-02 18:47:04 | DEBUG    | src.ui.app:__init__:22 - Initializing LinkedIn Extractor App
2025-07-02 18:47:06 | INFO     | src.config:load_config:15 - Loading environment variables
2025-07-02 18:47:06 | INFO     | src.config:load_config:29 - Trying to load from Streamlit secrets
2025-07-02 18:47:06 | DEBUG    | src.api.texau_client:__init__:31 - TexAU client initialized with complete authentication
2025-07-02 18:47:06 | DEBUG    | src.api.linkedin_api:__init__:11 - LinkedIn API client initialized
2025-07-02 18:47:06 | DEBUG    | src.ui.app:__init__:22 - Initializing LinkedIn Extractor App
2025-07-02 18:47:06 | INFO     | src.config:load_config:15 - Loading environment variables
2025-07-02 18:47:06 | INFO     | src.config:load_config:29 - Trying to load from Streamlit secrets
2025-07-02 18:53:44 | INFO     | src.config:load_config:15 - Loading environment variables
2025-07-02 18:53:44 | INFO     | src.config:load_config:29 - Trying to load from Streamlit secrets
2025-07-02 18:53:44 | DEBUG    | src.api.texau_client:__init__:31 - TexAU client initialized with complete authentication
2025-07-02 18:53:44 | DEBUG    | src.api.linkedin_api:__init__:11 - LinkedIn API client initialized
2025-07-02 18:53:44 | DEBUG    | src.ui.app:__init__:22 - Initializing LinkedIn Extractor App
2025-07-02 18:57:21 | INFO     | src.config:load_config:15 - Loading environment variables
2025-07-02 18:57:21 | INFO     | src.config:load_config:29 - Trying to load from Streamlit secrets
2025-07-02 18:57:21 | DEBUG    | src.api.texau_client:__init__:31 - TexAU client initialized with complete authentication
2025-07-02 18:57:21 | DEBUG    | src.api.linkedin_api:__init__:11 - LinkedIn API client initialized
2025-07-02 18:57:21 | DEBUG    | src.ui.app:__init__:22 - Initializing LinkedIn Extractor App
2025-07-02 18:57:21 | INFO     | src.config:load_config:15 - Loading environment variables
2025-07-02 18:57:21 | INFO     | src.config:load_config:29 - Trying to load from Streamlit secrets
2025-07-02 18:57:21 | DEBUG    | src.api.texau_client:__init__:31 - TexAU client initialized with complete authentication
2025-07-02 18:57:21 | DEBUG    | src.api.linkedin_api:__init__:11 - LinkedIn API client initialized
2025-07-02 18:57:21 | DEBUG    | src.ui.app:__init__:22 - Initializing LinkedIn Extractor App
2025-07-02 18:57:25 | INFO     | src.config:load_config:15 - Loading environment variables
2025-07-02 18:57:25 | INFO     | src.config:load_config:29 - Trying to load from Streamlit secrets
2025-07-02 18:57:25 | DEBUG    | src.api.texau_client:__init__:31 - TexAU client initialized with complete authentication
2025-07-02 18:57:25 | DEBUG    | src.api.linkedin_api:__init__:11 - LinkedIn API client initialized
2025-07-02 18:57:25 | DEBUG    | src.ui.app:__init__:22 - Initializing LinkedIn Extractor App
2025-07-02 18:57:29 | INFO     | src.config:load_config:15 - Loading environment variables
2025-07-02 18:57:29 | INFO     | src.config:load_config:29 - Trying to load from Streamlit secrets
2025-07-02 18:57:29 | DEBUG    | src.api.texau_client:__init__:31 - TexAU client initialized with complete authentication
2025-07-02 18:57:29 | DEBUG    | src.api.linkedin_api:__init__:11 - LinkedIn API client initialized
2025-07-02 18:57:29 | DEBUG    | src.ui.app:__init__:22 - Initializing LinkedIn Extractor App
2025-07-02 18:57:29 | INFO     | src.config:load_config:15 - Loading environment variables
2025-07-02 18:57:29 | INFO     | src.config:load_config:29 - Trying to load from Streamlit secrets
2025-07-02 19:17:14 | INFO     | src.config:load_config:15 - Loading environment variables
2025-07-02 19:17:14 | INFO     | src.config:load_config:29 - Trying to load from Streamlit secrets
2025-07-02 19:17:14 | DEBUG    | src.api.texau_client:__init__:31 - TexAU client initialized with complete authentication
2025-07-02 19:17:14 | DEBUG    | src.api.linkedin_api:__init__:11 - LinkedIn API client initialized
2025-07-02 19:17:14 | DEBUG    | src.ui.app:__init__:22 - Initializing LinkedIn Extractor App
2025-07-02 19:17:17 | INFO     | src.config:load_config:15 - Loading environment variables
2025-07-02 19:17:17 | INFO     | src.config:load_config:29 - Trying to load from Streamlit secrets
2025-07-02 19:17:17 | DEBUG    | src.api.texau_client:__init__:31 - TexAU client initialized with complete authentication
2025-07-02 19:17:17 | DEBUG    | src.api.linkedin_api:__init__:11 - LinkedIn API client initialized
2025-07-02 19:17:17 | DEBUG    | src.ui.app:__init__:22 - Initializing LinkedIn Extractor App
2025-07-02 19:17:17 | INFO     | src.config:load_config:15 - Loading environment variables
2025-07-02 19:17:17 | INFO     | src.config:load_config:29 - Trying to load from Streamlit secrets
2025-07-02 19:17:17 | DEBUG    | src.api.texau_client:__init__:31 - TexAU client initialized with complete authentication
2025-07-02 19:17:17 | DEBUG    | src.api.linkedin_api:__init__:11 - LinkedIn API client initialized
2025-07-02 19:17:17 | DEBUG    | src.ui.app:__init__:22 - Initializing LinkedIn Extractor App
2025-07-02 19:17:21 | INFO     | src.config:load_config:15 - Loading environment variables
2025-07-02 19:17:21 | INFO     | src.config:load_config:29 - Trying to load from Streamlit secrets
2025-07-02 19:17:21 | DEBUG    | src.api.texau_client:__init__:31 - TexAU client initialized with complete authentication
2025-07-02 19:17:21 | DEBUG    | src.api.linkedin_api:__init__:11 - LinkedIn API client initialized
2025-07-02 19:17:21 | DEBUG    | src.ui.app:__init__:22 - Initializing LinkedIn Extractor App
2025-07-02 19:17:23 | INFO     | src.config:load_config:15 - Loading environment variables
2025-07-02 19:17:23 | INFO     | src.config:load_config:29 - Trying to load from Streamlit secrets
2025-07-02 19:17:23 | DEBUG    | src.api.texau_client:__init__:31 - TexAU client initialized with complete authentication
2025-07-02 19:17:23 | DEBUG    | src.api.linkedin_api:__init__:11 - LinkedIn API client initialized
2025-07-02 19:17:23 | DEBUG    | src.ui.app:__init__:22 - Initializing LinkedIn Extractor App
2025-07-02 19:17:23 | INFO     | src.config:load_config:15 - Loading environment variables
2025-07-02 19:17:23 | INFO     | src.config:load_config:29 - Trying to load from Streamlit secrets
2025-07-02 19:25:49 | INFO     | src.config:load_config:15 - Loading environment variables
2025-07-02 19:25:49 | INFO     | src.config:load_config:29 - Trying to load from Streamlit secrets
2025-07-02 19:25:49 | DEBUG    | src.api.texau_client:__init__:31 - TexAU client initialized with complete authentication
2025-07-02 19:25:49 | DEBUG    | src.api.linkedin_api:__init__:11 - LinkedIn API client initialized
2025-07-02 19:25:49 | DEBUG    | src.ui.app:__init__:22 - Initializing LinkedIn Extractor App
2025-07-02 19:40:13 | INFO     | src.config:load_config:15 - Loading environment variables
2025-07-02 19:40:13 | INFO     | src.config:load_config:29 - Trying to load from Streamlit secrets
2025-07-02 19:40:13 | DEBUG    | src.api.texau_client:__init__:31 - TexAU client initialized with complete authentication
2025-07-02 19:40:13 | DEBUG    | src.api.linkedin_api:__init__:11 - LinkedIn API client initialized
2025-07-02 19:40:13 | DEBUG    | src.ui.app:__init__:22 - Initializing LinkedIn Extractor App
2025-07-02 19:40:15 | INFO     | src.config:load_config:15 - Loading environment variables
2025-07-02 19:40:15 | INFO     | src.config:load_config:29 - Trying to load from Streamlit secrets
2025-07-02 19:40:15 | DEBUG    | src.api.texau_client:__init__:31 - TexAU client initialized with complete authentication
2025-07-02 19:40:15 | DEBUG    | src.api.linkedin_api:__init__:11 - LinkedIn API client initialized
2025-07-02 19:40:15 | DEBUG    | src.ui.app:__init__:22 - Initializing LinkedIn Extractor App
2025-07-02 19:40:15 | INFO     | src.config:load_config:15 - Loading environment variables
2025-07-02 19:40:15 | INFO     | src.config:load_config:29 - Trying to load from Streamlit secrets
2025-07-02 19:40:15 | DEBUG    | src.api.texau_client:__init__:31 - TexAU client initialized with complete authentication
2025-07-02 19:40:15 | DEBUG    | src.api.linkedin_api:__init__:11 - LinkedIn API client initialized
2025-07-02 19:40:15 | DEBUG    | src.ui.app:__init__:22 - Initializing LinkedIn Extractor App
2025-07-02 19:40:19 | INFO     | src.config:load_config:15 - Loading environment variables
2025-07-02 19:40:19 | INFO     | src.config:load_config:29 - Trying to load from Streamlit secrets
2025-07-02 19:40:19 | DEBUG    | src.api.texau_client:__init__:31 - TexAU client initialized with complete authentication
2025-07-02 19:40:19 | DEBUG    | src.api.linkedin_api:__init__:11 - LinkedIn API client initialized
2025-07-02 19:40:19 | DEBUG    | src.ui.app:__init__:22 - Initializing LinkedIn Extractor App
2025-07-02 19:40:21 | INFO     | src.config:load_config:15 - Loading environment variables
2025-07-02 19:40:21 | INFO     | src.config:load_config:29 - Trying to load from Streamlit secrets
2025-07-02 19:40:21 | DEBUG    | src.api.texau_client:__init__:31 - TexAU client initialized with complete authentication
2025-07-02 19:40:21 | DEBUG    | src.api.linkedin_api:__init__:11 - LinkedIn API client initialized
2025-07-02 19:40:21 | DEBUG    | src.ui.app:__init__:22 - Initializing LinkedIn Extractor App
2025-07-02 19:40:21 | INFO     | src.config:load_config:15 - Loading environment variables
2025-07-02 19:40:21 | INFO     | src.config:load_config:29 - Trying to load from Streamlit secrets
2025-07-02 19:48:27 | INFO     | src.config:load_config:15 - Loading environment variables
2025-07-02 19:48:27 | INFO     | src.config:load_config:29 - Trying to load from Streamlit secrets
2025-07-02 19:48:27 | DEBUG    | src.api.texau_client:__init__:31 - TexAU client initialized with complete authentication
2025-07-02 19:48:27 | DEBUG    | src.api.linkedin_api:__init__:11 - LinkedIn API client initialized
2025-07-02 19:48:27 | DEBUG    | src.ui.app:__init__:22 - Initializing LinkedIn Extractor App
2025-07-02 19:48:29 | INFO     | src.config:load_config:15 - Loading environment variables
2025-07-02 19:48:29 | INFO     | src.config:load_config:29 - Trying to load from Streamlit secrets
2025-07-02 19:48:29 | DEBUG    | src.api.texau_client:__init__:31 - TexAU client initialized with complete authentication
2025-07-02 19:48:29 | DEBUG    | src.api.linkedin_api:__init__:11 - LinkedIn API client initialized
2025-07-02 19:48:29 | DEBUG    | src.ui.app:__init__:22 - Initializing LinkedIn Extractor App
2025-07-02 19:48:29 | INFO     | src.config:load_config:15 - Loading environment variables
2025-07-02 19:48:29 | INFO     | src.config:load_config:29 - Trying to load from Streamlit secrets
2025-07-02 19:48:29 | DEBUG    | src.api.texau_client:__init__:31 - TexAU client initialized with complete authentication
2025-07-02 19:48:29 | DEBUG    | src.api.linkedin_api:__init__:11 - LinkedIn API client initialized
2025-07-02 19:48:29 | DEBUG    | src.ui.app:__init__:22 - Initializing LinkedIn Extractor App
2025-07-02 19:48:33 | INFO     | src.config:load_config:15 - Loading environment variables
2025-07-02 19:48:33 | INFO     | src.config:load_config:29 - Trying to load from Streamlit secrets
2025-07-02 19:48:33 | DEBUG    | src.api.texau_client:__init__:31 - TexAU client initialized with complete authentication
2025-07-02 19:48:33 | DEBUG    | src.api.linkedin_api:__init__:11 - LinkedIn API client initialized
2025-07-02 19:48:33 | DEBUG    | src.ui.app:__init__:22 - Initializing LinkedIn Extractor App
2025-07-02 19:48:35 | INFO     | src.config:load_config:15 - Loading environment variables
2025-07-02 19:48:35 | INFO     | src.config:load_config:29 - Trying to load from Streamlit secrets
2025-07-02 19:48:35 | DEBUG    | src.api.texau_client:__init__:31 - TexAU client initialized with complete authentication
2025-07-02 19:48:35 | DEBUG    | src.api.linkedin_api:__init__:11 - LinkedIn API client initialized
2025-07-02 19:48:35 | DEBUG    | src.ui.app:__init__:22 - Initializing LinkedIn Extractor App
2025-07-02 19:48:35 | INFO     | src.config:load_config:15 - Loading environment variables
2025-07-02 19:48:35 | INFO     | src.config:load_config:29 - Trying to load from Streamlit secrets
2025-07-02 19:54:54 | INFO     | src.config:load_config:15 - Loading environment variables
2025-07-02 19:54:54 | INFO     | src.config:load_config:29 - Trying to load from Streamlit secrets
2025-07-02 19:54:54 | DEBUG    | src.api.texau_client:__init__:31 - TexAU client initialized with complete authentication
2025-07-02 19:54:54 | DEBUG    | src.api.linkedin_api:__init__:11 - LinkedIn API client initialized
2025-07-02 19:54:54 | DEBUG    | src.ui.app:__init__:22 - Initializing LinkedIn Extractor App
2025-07-02 19:54:56 | INFO     | src.config:load_config:15 - Loading environment variables
2025-07-02 19:54:56 | INFO     | src.config:load_config:29 - Trying to load from Streamlit secrets
2025-07-02 19:54:56 | DEBUG    | src.api.texau_client:__init__:31 - TexAU client initialized with complete authentication
2025-07-02 19:54:56 | DEBUG    | src.api.linkedin_api:__init__:11 - LinkedIn API client initialized
2025-07-02 19:54:56 | DEBUG    | src.ui.app:__init__:22 - Initializing LinkedIn Extractor App
2025-07-02 19:54:56 | INFO     | src.config:load_config:15 - Loading environment variables
2025-07-02 19:54:56 | INFO     | src.config:load_config:29 - Trying to load from Streamlit secrets
2025-07-02 19:54:56 | DEBUG    | src.api.texau_client:__init__:31 - TexAU client initialized with complete authentication
2025-07-02 19:54:56 | DEBUG    | src.api.linkedin_api:__init__:11 - LinkedIn API client initialized
2025-07-02 19:54:56 | DEBUG    | src.ui.app:__init__:22 - Initializing LinkedIn Extractor App
2025-07-02 19:55:02 | INFO     | src.config:load_config:15 - Loading environment variables
2025-07-02 19:55:02 | INFO     | src.config:load_config:29 - Trying to load from Streamlit secrets
2025-07-02 19:55:02 | DEBUG    | src.api.texau_client:__init__:31 - TexAU client initialized with complete authentication
2025-07-02 19:55:02 | DEBUG    | src.api.linkedin_api:__init__:11 - LinkedIn API client initialized
2025-07-02 19:55:02 | DEBUG    | src.ui.app:__init__:22 - Initializing LinkedIn Extractor App
2025-07-02 19:55:05 | INFO     | src.config:load_config:15 - Loading environment variables
2025-07-02 19:55:05 | INFO     | src.config:load_config:29 - Trying to load from Streamlit secrets
2025-07-02 19:55:05 | DEBUG    | src.api.texau_client:__init__:31 - TexAU client initialized with complete authentication
2025-07-02 19:55:05 | DEBUG    | src.api.linkedin_api:__init__:11 - LinkedIn API client initialized
2025-07-02 19:55:05 | DEBUG    | src.ui.app:__init__:22 - Initializing LinkedIn Extractor App
2025-07-02 19:55:05 | INFO     | src.config:load_config:15 - Loading environment variables
2025-07-02 19:55:05 | INFO     | src.config:load_config:29 - Trying to load from Streamlit secrets
2025-07-02 19:58:58 | ERROR    | src.ui.app:comment_generator_page:1856 - Error in comment generation: 'LinkedInExtractorApp' object has no attribute '_update_dashboard_metrics'
2025-07-02 20:02:07 | INFO     | src.config:load_config:15 - Loading environment variables
2025-07-02 20:02:07 | INFO     | src.config:load_config:29 - Trying to load from Streamlit secrets
2025-07-02 20:02:07 | DEBUG    | src.api.texau_client:__init__:31 - TexAU client initialized with complete authentication
2025-07-02 20:02:07 | DEBUG    | src.api.linkedin_api:__init__:11 - LinkedIn API client initialized
2025-07-02 20:02:07 | DEBUG    | src.ui.app:__init__:22 - Initializing LinkedIn Extractor App
2025-07-02 20:02:10 | INFO     | src.config:load_config:15 - Loading environment variables
2025-07-02 20:02:10 | INFO     | src.config:load_config:29 - Trying to load from Streamlit secrets
2025-07-02 20:02:10 | DEBUG    | src.api.texau_client:__init__:31 - TexAU client initialized with complete authentication
2025-07-02 20:02:10 | DEBUG    | src.api.linkedin_api:__init__:11 - LinkedIn API client initialized
2025-07-02 20:02:10 | DEBUG    | src.ui.app:__init__:22 - Initializing LinkedIn Extractor App
2025-07-02 20:02:10 | INFO     | src.config:load_config:15 - Loading environment variables
2025-07-02 20:02:10 | INFO     | src.config:load_config:29 - Trying to load from Streamlit secrets
2025-07-02 20:02:10 | DEBUG    | src.api.texau_client:__init__:31 - TexAU client initialized with complete authentication
2025-07-02 20:02:10 | DEBUG    | src.api.linkedin_api:__init__:11 - LinkedIn API client initialized
2025-07-02 20:02:10 | DEBUG    | src.ui.app:__init__:22 - Initializing LinkedIn Extractor App
2025-07-02 20:02:16 | INFO     | src.config:load_config:15 - Loading environment variables
2025-07-02 20:02:16 | INFO     | src.config:load_config:29 - Trying to load from Streamlit secrets
2025-07-02 20:02:16 | DEBUG    | src.api.texau_client:__init__:31 - TexAU client initialized with complete authentication
2025-07-02 20:02:16 | DEBUG    | src.api.linkedin_api:__init__:11 - LinkedIn API client initialized
2025-07-02 20:02:16 | DEBUG    | src.ui.app:__init__:22 - Initializing LinkedIn Extractor App
2025-07-02 20:02:19 | INFO     | src.config:load_config:15 - Loading environment variables
2025-07-02 20:02:19 | INFO     | src.config:load_config:29 - Trying to load from Streamlit secrets
2025-07-02 20:02:19 | DEBUG    | src.api.texau_client:__init__:31 - TexAU client initialized with complete authentication
2025-07-02 20:02:19 | DEBUG    | src.api.linkedin_api:__init__:11 - LinkedIn API client initialized
2025-07-02 20:02:19 | DEBUG    | src.ui.app:__init__:22 - Initializing LinkedIn Extractor App
2025-07-02 20:02:19 | INFO     | src.config:load_config:15 - Loading environment variables
2025-07-02 20:02:19 | INFO     | src.config:load_config:29 - Trying to load from Streamlit secrets
2025-07-02 20:06:02 | INFO     | src.config:load_config:15 - Loading environment variables
2025-07-02 20:06:02 | INFO     | src.config:load_config:29 - Trying to load from Streamlit secrets
2025-07-02 20:06:02 | DEBUG    | src.api.texau_client:__init__:31 - TexAU client initialized with complete authentication
2025-07-02 20:06:02 | DEBUG    | src.api.linkedin_api:__init__:11 - LinkedIn API client initialized
2025-07-02 20:06:02 | DEBUG    | src.ui.app:__init__:22 - Initializing LinkedIn Extractor App
2025-07-02 20:16:56 | INFO     | src.config:load_config:15 - Loading environment variables
2025-07-02 20:16:56 | INFO     | src.config:load_config:29 - Trying to load from Streamlit secrets
2025-07-02 20:16:56 | DEBUG    | src.api.texau_client:__init__:31 - TexAU client initialized with complete authentication
2025-07-02 20:16:56 | DEBUG    | src.api.linkedin_api:__init__:11 - LinkedIn API client initialized
2025-07-02 20:16:56 | DEBUG    | src.ui.app:__init__:22 - Initializing LinkedIn Extractor App
2025-07-02 20:16:58 | INFO     | src.config:load_config:15 - Loading environment variables
2025-07-02 20:16:58 | INFO     | src.config:load_config:29 - Trying to load from Streamlit secrets
2025-07-02 20:16:58 | DEBUG    | src.api.texau_client:__init__:31 - TexAU client initialized with complete authentication
2025-07-02 20:16:58 | DEBUG    | src.api.linkedin_api:__init__:11 - LinkedIn API client initialized
2025-07-02 20:16:58 | DEBUG    | src.ui.app:__init__:22 - Initializing LinkedIn Extractor App
2025-07-02 20:16:58 | INFO     | src.config:load_config:15 - Loading environment variables
2025-07-02 20:16:58 | INFO     | src.config:load_config:29 - Trying to load from Streamlit secrets
2025-07-02 20:16:58 | DEBUG    | src.api.texau_client:__init__:31 - TexAU client initialized with complete authentication
2025-07-02 20:16:58 | DEBUG    | src.api.linkedin_api:__init__:11 - LinkedIn API client initialized
2025-07-02 20:16:58 | DEBUG    | src.ui.app:__init__:22 - Initializing LinkedIn Extractor App
2025-07-02 20:17:04 | INFO     | src.config:load_config:15 - Loading environment variables
2025-07-02 20:17:04 | INFO     | src.config:load_config:29 - Trying to load from Streamlit secrets
2025-07-02 20:17:04 | DEBUG    | src.api.texau_client:__init__:31 - TexAU client initialized with complete authentication
2025-07-02 20:17:04 | DEBUG    | src.api.linkedin_api:__init__:11 - LinkedIn API client initialized
2025-07-02 20:17:04 | DEBUG    | src.ui.app:__init__:22 - Initializing LinkedIn Extractor App
2025-07-02 20:17:05 | INFO     | src.config:load_config:15 - Loading environment variables
2025-07-02 20:17:05 | INFO     | src.config:load_config:29 - Trying to load from Streamlit secrets
2025-07-02 20:17:05 | DEBUG    | src.api.texau_client:__init__:31 - TexAU client initialized with complete authentication
2025-07-02 20:17:05 | DEBUG    | src.api.linkedin_api:__init__:11 - LinkedIn API client initialized
2025-07-02 20:17:05 | DEBUG    | src.ui.app:__init__:22 - Initializing LinkedIn Extractor App
2025-07-02 20:17:06 | INFO     | src.config:load_config:15 - Loading environment variables
2025-07-02 20:17:06 | INFO     | src.config:load_config:29 - Trying to load from Streamlit secrets
2025-07-02 20:19:45 | INFO     | src.config:load_config:15 - Loading environment variables
2025-07-02 20:19:45 | INFO     | src.config:load_config:29 - Trying to load from Streamlit secrets
2025-07-02 20:19:45 | DEBUG    | src.api.texau_client:__init__:31 - TexAU client initialized with complete authentication
2025-07-02 20:19:45 | DEBUG    | src.api.linkedin_api:__init__:11 - LinkedIn API client initialized
2025-07-02 20:19:45 | DEBUG    | src.ui.app:__init__:22 - Initializing LinkedIn Extractor App
2025-07-02 21:37:56 | INFO     | src.config:load_config:15 - Loading environment variables
2025-07-02 21:37:56 | INFO     | src.config:load_config:29 - Trying to load from Streamlit secrets
2025-07-02 21:37:56 | DEBUG    | src.api.texau_client:__init__:31 - TexAU client initialized with complete authentication
2025-07-02 21:37:56 | DEBUG    | src.api.linkedin_api:__init__:11 - LinkedIn API client initialized
2025-07-02 21:37:56 | DEBUG    | src.ui.app:__init__:22 - Initializing LinkedIn Extractor App
2025-07-02 21:37:56 | INFO     | src.config:load_config:15 - Loading environment variables
2025-07-02 21:37:56 | INFO     | src.config:load_config:29 - Trying to load from Streamlit secrets
2025-07-02 21:37:56 | DEBUG    | src.api.texau_client:__init__:31 - TexAU client initialized with complete authentication
2025-07-02 21:37:56 | DEBUG    | src.api.linkedin_api:__init__:11 - LinkedIn API client initialized
2025-07-02 21:37:56 | DEBUG    | src.ui.app:__init__:22 - Initializing LinkedIn Extractor App
2025-07-02 21:38:09 | INFO     | src.config:load_config:15 - Loading environment variables
2025-07-02 21:38:09 | INFO     | src.config:load_config:29 - Trying to load from Streamlit secrets
2025-07-02 21:38:09 | DEBUG    | src.api.texau_client:__init__:31 - TexAU client initialized with complete authentication
2025-07-02 21:38:09 | DEBUG    | src.api.linkedin_api:__init__:11 - LinkedIn API client initialized
2025-07-02 21:38:09 | DEBUG    | src.ui.app:__init__:22 - Initializing LinkedIn Extractor App
2025-07-02 21:38:13 | INFO     | src.config:load_config:15 - Loading environment variables
2025-07-02 21:38:13 | INFO     | src.config:load_config:29 - Trying to load from Streamlit secrets
2025-07-02 21:38:13 | DEBUG    | src.api.texau_client:__init__:31 - TexAU client initialized with complete authentication
2025-07-02 21:38:13 | DEBUG    | src.api.linkedin_api:__init__:11 - LinkedIn API client initialized
2025-07-02 21:38:13 | DEBUG    | src.ui.app:__init__:22 - Initializing LinkedIn Extractor App
2025-07-02 21:38:13 | INFO     | src.config:load_config:15 - Loading environment variables
2025-07-02 21:38:13 | INFO     | src.config:load_config:29 - Trying to load from Streamlit secrets
